2033	99	db9c5587-d523-4aa7-ae99-67232eff646e	GET	/	undefined
2033	100	3abac64e-e318-4921-8b31-910f3dd4c322	GET	/css/style.css	undefined
2033	30	d94206f5-973c-42ba-9363-1bd4d6207edd	GET	/css/style.css	undefined
2033	38	89ebedd5-0707-4067-9c02-48e68c577d19	GET	/	undefined
2033	38	2ff93dcc-c075-451a-b540-c977e4adeb4e	GET	/css/style.css	undefined
Wed Mar 08 2023 08:19:57 GMT+0530 (India Standard Time)	a02ff2b2-c980-4677-a94d-371b2a65fdb2	GET	/	undefined
Wed Mar 08 2023 08:19:57 GMT+0530 (India Standard Time)	843834d3-95ed-45f0-81ae-9649c0995a42	GET	/css/style.css	undefined
Wed Mar 08 2023 08:25:24 GMT+0530 (India Standard Time)	0c09facf-a88b-4c8b-932b-1fdee42f3558	OPTIONS	/	https://www.google.com
Wed Mar 08 2023 08:25:24 GMT+0530 (India Standard Time)	27e7b2cf-5115-44fa-bc3a-1466de13d03c	GET	/	https://www.google.com
Wed Mar 08 2023 08:53:54 GMT+0530 (India Standard Time)	05664c77-734d-4f46-8ea9-764500818028	GET	/	undefined
Wed Mar 08 2023 08:53:54 GMT+0530 (India Standard Time)	209796ad-adfc-40a2-8e8e-62bfe3529e28	GET	/css/style.css	undefined
Thu Mar 09 2023 15:38:26 GMT+0530 (India Standard Time)	01b03c83-9ecf-4f5c-bdef-bccc92965764	GET	/user	undefined
Thu Mar 09 2023 15:40:37 GMT+0530 (India Standard Time)	54f7dfdd-3297-41ef-8d6f-6cde43ff77ff	GET	/user	undefined
Thu Mar 09 2023 15:42:00 GMT+0530 (India Standard Time)	b3c94637-ab1b-453b-a382-3c112a5b14a9	GET	/user	undefined
Thu Mar 09 2023 15:42:18 GMT+0530 (India Standard Time)	3a2a366e-91a5-4a78-bff9-fba914568b64	GET	/user	undefined
Thu Mar 09 2023 15:42:52 GMT+0530 (India Standard Time)	380edc05-fba3-481f-b093-d18601246e87	GET	/user	undefined
Thu Mar 09 2023 15:44:01 GMT+0530 (India Standard Time)	7002e123-eb0f-4f19-8995-5c1a71ee59df	GET	/user	undefined
Thu Mar 09 2023 15:52:22 GMT+0530 (India Standard Time)	4b997e5b-d789-44b3-adc6-92e15877567b	GET	/users	undefined
Thu Mar 09 2023 15:52:43 GMT+0530 (India Standard Time)	71f7caa8-6c6c-4aa9-acea-ff660a16e0f4	GET	/users	undefined
Thu Mar 09 2023 15:56:02 GMT+0530 (India Standard Time)	62ae4cdf-1f99-4936-8ebf-bd59584d74d7	GET	/notes	undefined
Thu Mar 09 2023 16:07:22 GMT+0530 (India Standard Time)	7778c810-f517-4bc5-a80b-53d9e05631db	GET	/notes	undefined
Thu Mar 09 2023 16:08:12 GMT+0530 (India Standard Time)	e489fe87-7aff-46d2-a8c1-37aa322a82ae	GET	/notes	undefined
Thu Mar 09 2023 16:10:21 GMT+0530 (India Standard Time)	6eaafa72-19ab-43e7-9d92-65b90c3d04a2	GET	/users	undefined
Thu Mar 09 2023 16:10:40 GMT+0530 (India Standard Time)	56177581-4986-426b-bc41-92194d34213e	GET	/users	undefined
Thu Mar 09 2023 16:11:41 GMT+0530 (India Standard Time)	e4a3de14-8bea-453f-8e23-b2cc5b6edaf3	GET	/users	undefined
Thu Mar 09 2023 16:41:39 GMT+0530 (India Standard Time)	188445d4-29f8-49ae-a27e-a13885de0b87	GET	/notes	undefined
Thu Mar 09 2023 16:41:51 GMT+0530 (India Standard Time)	1d137ade-fbe3-4005-bd49-0e49076e9398	GET	/notes	undefined
Thu Mar 09 2023 16:42:41 GMT+0530 (India Standard Time)	9cedc9a4-3e4a-4b06-83d1-5d610b5665a0	GET	/users	undefined
Thu Mar 09 2023 16:49:44 GMT+0530 (India Standard Time)	7a551cc5-0af4-4aee-b008-74b1ac4dd073	GET	/notes	undefined
Fri Mar 10 2023 12:39:32 GMT+0530 (India Standard Time)	703f9981-e6ef-44e2-b630-c27636564d10	GET	/notes	undefined
Fri Mar 10 2023 12:43:47 GMT+0530 (India Standard Time)	b6fc0ae3-d580-4b93-9e36-d525e162d739	GET	/notes	http://localhost:3000
Fri Mar 10 2023 12:43:47 GMT+0530 (India Standard Time)	459eb1f4-2ec3-4957-9fbd-454a07b26195	GET	/notes	http://localhost:3000
Fri Mar 10 2023 12:50:38 GMT+0530 (India Standard Time)	80bc3285-81d2-4367-8319-2464d72cbe6d	GET	/notes	undefined
Fri Mar 10 2023 12:53:49 GMT+0530 (India Standard Time)	40451a27-5236-4758-9c79-bb8cbcf1e2a1	GET	/note	http://localhost:3000
Fri Mar 10 2023 12:53:55 GMT+0530 (India Standard Time)	ebd2a48c-d1d0-4a86-b32d-f0ebb370c3d6	GET	/note	http://localhost:3000
Fri Mar 10 2023 12:53:55 GMT+0530 (India Standard Time)	1140e486-1e3e-470a-9efc-35edbb184e0a	GET	/note	http://localhost:3000
Fri Mar 10 2023 12:54:25 GMT+0530 (India Standard Time)	dcf002c7-0256-4f23-a695-5e289510bc61	GET	/notes	http://localhost:3000
Fri Mar 10 2023 12:56:03 GMT+0530 (India Standard Time)	aa9ab195-c370-435e-8774-0d96cdf532b4	GET	/notes	http://localhost:3000
Fri Mar 10 2023 12:56:03 GMT+0530 (India Standard Time)	91169b31-e448-4bb7-adb9-078b5d5b0539	GET	/notes	http://localhost:3000
Fri Mar 10 2023 13:03:28 GMT+0530 (India Standard Time)	f5f9ef46-d88b-4e66-8bad-92a7a50e5995	GET	/notes	http://localhost:3000
Fri Mar 10 2023 13:03:35 GMT+0530 (India Standard Time)	20c39178-16ed-464c-bf26-9f887de91dc8	GET	/notes	http://localhost:3000
Fri Mar 10 2023 13:03:35 GMT+0530 (India Standard Time)	44e9e50a-b0c6-4e49-a62f-341a9048ff41	GET	/notes	http://localhost:3000
Fri Mar 10 2023 13:04:59 GMT+0530 (India Standard Time)	e9df6bd5-4cb8-4442-a316-e9b8c55c35fc	GET	/notes	http://localhost:3000
Fri Mar 10 2023 13:05:09 GMT+0530 (India Standard Time)	47909425-1781-4d91-84b6-bd30422e99f0	GET	/notes	http://localhost:3000
Fri Mar 10 2023 13:05:10 GMT+0530 (India Standard Time)	0f2e9878-5bdc-4926-8f19-00de20a4f094	GET	/notes	http://localhost:3000
Fri Mar 10 2023 13:07:15 GMT+0530 (India Standard Time)	c3228b31-a926-48ed-a6b7-3485f65dc9bf	GET	/notes	http://localhost:3000
Fri Mar 10 2023 13:07:21 GMT+0530 (India Standard Time)	d8c61c98-c3f3-4b92-8120-be7114de8273	GET	/notes	http://localhost:3000
Fri Mar 10 2023 13:07:22 GMT+0530 (India Standard Time)	a1c6f7ad-117f-4def-babb-32a41989c8a5	GET	/notes	http://localhost:3000
Fri Mar 10 2023 13:09:27 GMT+0530 (India Standard Time)	a202a026-0909-4cbf-8e76-67d2515b6a2f	GET	/notes	http://localhost:3000
Fri Mar 10 2023 13:09:33 GMT+0530 (India Standard Time)	c04a1991-ab04-44a9-ba8d-3ae4c95dec21	GET	/notes	http://localhost:3000
Fri Mar 10 2023 13:09:34 GMT+0530 (India Standard Time)	dfa0097e-fc51-4c40-98e4-f50c3a82c579	GET	/notes	http://localhost:3000
Fri Mar 10 2023 13:15:32 GMT+0530 (India Standard Time)	f0fd0ab3-7ba9-4044-beee-3c3c06d079f8	GET	/notes	http://localhost:3000
Fri Mar 10 2023 13:15:32 GMT+0530 (India Standard Time)	ba5e194b-a638-45e5-9479-58a9a979b3fd	GET	/notes	http://localhost:3000
Fri Mar 10 2023 13:15:41 GMT+0530 (India Standard Time)	54d38c29-22bd-4ce9-8ff1-1cdad9527908	GET	/notes	http://localhost:3000
Fri Mar 10 2023 13:15:41 GMT+0530 (India Standard Time)	f8557fc1-144d-475a-b956-5bdb691d8228	GET	/notes	http://localhost:3000
Fri Mar 10 2023 13:15:49 GMT+0530 (India Standard Time)	47dcc533-4769-45cc-8047-73d2dd88b764	GET	/notes	http://localhost:3000
Fri Mar 10 2023 13:16:31 GMT+0530 (India Standard Time)	f6824efb-f599-4499-aee7-0b726b3f8ff5	GET	/note	http://localhost:3000
Fri Mar 10 2023 13:16:36 GMT+0530 (India Standard Time)	624dc627-31f5-481f-a425-ad0cab7057c9	GET	/note	http://localhost:3000
Fri Mar 10 2023 13:16:36 GMT+0530 (India Standard Time)	0347c373-cc1c-4b06-a30a-dc3f327c9129	GET	/note	http://localhost:3000
Fri Mar 10 2023 13:16:44 GMT+0530 (India Standard Time)	1e16d537-e8c4-44e7-beba-702c0c98623c	GET	/note	http://localhost:3000
Fri Mar 10 2023 13:16:48 GMT+0530 (India Standard Time)	c3cb39af-59cc-4e9a-9769-4f024d2ce502	GET	/note	http://localhost:3000
Fri Mar 10 2023 13:16:48 GMT+0530 (India Standard Time)	4b050ae7-e682-421d-9057-159d887c5c09	GET	/note	http://localhost:3000
Fri Mar 10 2023 13:18:35 GMT+0530 (India Standard Time)	3270f2af-f7e6-4616-9934-c28c1fca2a34	GET	/note	http://localhost:3000
Fri Mar 10 2023 13:19:00 GMT+0530 (India Standard Time)	8fbc63c5-6c32-4e22-aa93-9bd3aea8829c	GET	/note	http://localhost:3000
Fri Mar 10 2023 13:20:58 GMT+0530 (India Standard Time)	535a6cf6-9efb-4ecf-b969-8ed98cdd3b2d	GET	/note	http://localhost:3000
Fri Mar 10 2023 13:21:01 GMT+0530 (India Standard Time)	87ef0cfd-a717-4434-a8ff-685ad8af3d9b	GET	/note	http://localhost:3000
Fri Mar 10 2023 13:22:16 GMT+0530 (India Standard Time)	d58050df-8abf-4d62-8fa8-15f1364f0414	GET	/notes	http://localhost:3000
Fri Mar 10 2023 13:23:32 GMT+0530 (India Standard Time)	0b3879ac-ec02-4e19-99a9-b356911f7f04	GET	/notes	http://localhost:3000
Fri Mar 10 2023 13:23:32 GMT+0530 (India Standard Time)	0d0f4c4b-e817-47fc-9f0f-042d2927aa94	GET	/notes	http://localhost:3000
Fri Mar 10 2023 13:24:10 GMT+0530 (India Standard Time)	bc93e1bf-6c37-41ba-a50b-28891e346153	GET	/notes	http://localhost:3000
Fri Mar 10 2023 13:24:10 GMT+0530 (India Standard Time)	f680c299-6948-498f-a7e2-2c96800cd076	GET	/notes	http://localhost:3000
Fri Mar 10 2023 13:24:50 GMT+0530 (India Standard Time)	7a4ecb08-1e91-457f-99c0-0c1fef6e36db	GET	/note	http://localhost:3000
Fri Mar 10 2023 13:25:12 GMT+0530 (India Standard Time)	2e17ff35-332f-4596-9194-45498d54b0f2	GET	/note	http://localhost:3000
Fri Mar 10 2023 13:25:12 GMT+0530 (India Standard Time)	156df5fe-4c5a-4124-83cf-733e60b3ebc2	GET	/note	http://localhost:3000
Fri Mar 10 2023 13:25:47 GMT+0530 (India Standard Time)	0f123440-da89-4f09-a58e-7f279f24c0bc	GET	/note	http://localhost:3000
Fri Mar 10 2023 13:25:56 GMT+0530 (India Standard Time)	e513ca35-85b7-423d-a1c5-6cecf243a11d	GET	/note	http://localhost:3000
Fri Mar 10 2023 13:25:56 GMT+0530 (India Standard Time)	f2687124-8b02-496b-953e-00a045886ba5	GET	/note	http://localhost:3000
Fri Mar 10 2023 13:26:06 GMT+0530 (India Standard Time)	3dc74655-0a75-4925-a7e1-84ff8ab60581	GET	/notes	http://localhost:3000
Fri Mar 10 2023 13:26:15 GMT+0530 (India Standard Time)	493edb03-c64a-41dd-9e75-0b94019b4fff	GET	/notes	http://localhost:3000
Fri Mar 10 2023 13:26:15 GMT+0530 (India Standard Time)	2f6460fd-6b93-440c-a534-5674636fb14f	GET	/notes	http://localhost:3000
Fri Mar 10 2023 13:28:03 GMT+0530 (India Standard Time)	ed309852-e034-4059-9d06-6c3a41d2ea6a	GET	/notes	http://localhost:3000
Fri Mar 10 2023 13:28:17 GMT+0530 (India Standard Time)	0bda4486-42e7-4954-8892-f2b19011df06	GET	/notes	http://localhost:3000
Fri Mar 10 2023 13:28:17 GMT+0530 (India Standard Time)	33767c09-b401-4aff-a8f4-20d7d5c9c926	GET	/notes	http://localhost:3000
Fri Mar 10 2023 16:37:51 GMT+0530 (India Standard Time)	eb67f738-8bcb-4828-9a24-b5c836d788c6	GET	/notes	http://localhost:3000
Fri Mar 10 2023 16:37:51 GMT+0530 (India Standard Time)	94daa226-36ec-4430-baf2-bcedc361f3ad	GET	/notes	http://localhost:3000
Sun Mar 12 2023 07:05:27 GMT+0530 (India Standard Time)	af0c0a31-7805-4a3d-9f11-1bb5512a8ca5	GET	/notes	http://localhost:3000
Sun Mar 12 2023 07:05:27 GMT+0530 (India Standard Time)	12380805-c911-4434-b285-5f2a7ec3507e	GET	/notes	http://localhost:3000
Sun Mar 12 2023 07:07:21 GMT+0530 (India Standard Time)	72a7b885-fcb0-4eb0-ac6a-45bb1c940188	GET	/users	undefined
Sun Mar 12 2023 07:10:26 GMT+0530 (India Standard Time)	e021e770-a242-4e51-bab0-26cf2e044369	GET	/users	http://localhost:3000
Sun Mar 12 2023 07:10:26 GMT+0530 (India Standard Time)	30d3b8ec-5858-4350-9614-049bf3131099	GET	/users	http://localhost:3000
Sun Mar 12 2023 07:10:38 GMT+0530 (India Standard Time)	ab71cbc7-aadc-473e-a9e8-6f8ebba45a7d	GET	/notes	http://localhost:3000
Sun Mar 12 2023 07:10:38 GMT+0530 (India Standard Time)	5f306cf0-8151-4d45-bbb4-25313a26e207	GET	/notes	http://localhost:3000
Sun Mar 12 2023 07:12:42 GMT+0530 (India Standard Time)	5b67a11c-eaf9-40d0-94cf-3a432cd5b7e2	GET	/notes	http://localhost:3000
Sun Mar 12 2023 07:12:42 GMT+0530 (India Standard Time)	7de77950-8244-4eca-a6a8-27f6a104c257	GET	/notes	http://localhost:3000
Sun Mar 12 2023 07:15:14 GMT+0530 (India Standard Time)	787e1a42-35ec-4b37-bb61-b4a65e00fc57	GET	/notes	http://localhost:3000
Sun Mar 12 2023 07:15:20 GMT+0530 (India Standard Time)	d9db480f-1652-43ba-b7d3-f8f2baa1f3b9	GET	/notes	http://localhost:3000
Sun Mar 12 2023 07:15:20 GMT+0530 (India Standard Time)	d5a41436-6a7a-4dd1-8980-9d7dc45d4270	GET	/notes	http://localhost:3000
Sun Mar 12 2023 07:18:38 GMT+0530 (India Standard Time)	38a94456-71f4-4933-8bfb-a0d54ebc9311	GET	/notes	http://localhost:3000
Sun Mar 12 2023 07:18:38 GMT+0530 (India Standard Time)	cca08922-8ad3-4a64-85bc-a4bf818dd00b	GET	/notes	http://localhost:3000
Sun Mar 12 2023 08:29:20 GMT+0530 (India Standard Time)	50a198dc-8a75-4d58-9dc5-290538946126	GET	/notes	http://localhost:3000
Sun Mar 12 2023 08:29:28 GMT+0530 (India Standard Time)	ae04b555-8a19-4ae4-b800-24cd971acabc	GET	/notes	http://localhost:3000
Sun Mar 12 2023 08:29:28 GMT+0530 (India Standard Time)	c4d02103-04d6-4f31-a254-ec5c36aae34c	GET	/notes	http://localhost:3000
Sun Mar 12 2023 08:30:37 GMT+0530 (India Standard Time)	124deee6-2f20-42be-969d-ce7fcac55e6a	GET	/notes	http://localhost:3000
Sun Mar 12 2023 08:30:37 GMT+0530 (India Standard Time)	7e7fa3c5-820d-4313-b0f7-5dee12eb7a66	GET	/notes	http://localhost:3000
Sun Mar 12 2023 08:32:16 GMT+0530 (India Standard Time)	1d836e9c-ddfa-461b-8117-ed3de7eb27b4	GET	/notes	http://localhost:3000
Sun Mar 12 2023 08:32:41 GMT+0530 (India Standard Time)	84d58e0f-ab1a-41c9-ac46-d696ff761387	GET	/notes	http://localhost:3000
Sun Mar 12 2023 08:32:41 GMT+0530 (India Standard Time)	dd431da1-a41d-456b-8f72-81dbe70fa717	GET	/notes	http://localhost:3000
Sun Mar 12 2023 08:33:00 GMT+0530 (India Standard Time)	8edccce3-bf97-47aa-8d88-e4d83dab7cf3	GET	/notes	http://localhost:3000
Sun Mar 12 2023 08:33:09 GMT+0530 (India Standard Time)	23475701-dea4-49cd-8848-7cfe6548184f	GET	/notes	http://localhost:3000
Sun Mar 12 2023 08:33:09 GMT+0530 (India Standard Time)	41befc44-a81f-4923-867a-59c9c69afb95	GET	/notes	http://localhost:3000
Sun Mar 12 2023 08:34:07 GMT+0530 (India Standard Time)	0ec6e3d3-346c-4513-b69a-050b2f47d8b3	GET	/notes	http://localhost:3000
Sun Mar 12 2023 08:34:18 GMT+0530 (India Standard Time)	ba7b7c7a-98d0-441e-9a78-9f420a8a753a	GET	/notes	http://localhost:3000
Sun Mar 12 2023 08:35:52 GMT+0530 (India Standard Time)	0b1289b1-b045-43a5-9496-82d4b9ff296a	GET	/notes	http://localhost:3000
Sun Mar 12 2023 08:40:54 GMT+0530 (India Standard Time)	94c88117-81c7-43a9-9989-0432efeb07c8	GET	/notes	http://localhost:3000
Sun Mar 12 2023 09:04:31 GMT+0530 (India Standard Time)	453a5d5a-5f0f-4053-b18c-74efeb993a50	GET	/notes	http://localhost:3000
Sun Mar 12 2023 09:07:16 GMT+0530 (India Standard Time)	278117ac-d7e0-4aac-89e1-b7f854fd6da9	GET	/notes	http://localhost:3000
Sun Mar 12 2023 09:07:20 GMT+0530 (India Standard Time)	84cd67cb-98fa-451f-a7ee-bc83a3b3a2f9	GET	/notes	http://localhost:3000
Sun Mar 12 2023 09:07:20 GMT+0530 (India Standard Time)	4b98470b-3484-4c9f-acaa-633fe1a1b513	GET	/notes	http://localhost:3000
Sun Mar 12 2023 09:11:03 GMT+0530 (India Standard Time)	a7f68a59-b60b-4343-bd3e-e3e29d4e016c	GET	/notes	http://localhost:3000
Sun Mar 12 2023 09:11:08 GMT+0530 (India Standard Time)	f0f55393-8d69-4abb-aa05-c0e0c70e9f20	GET	/notes	http://localhost:3000
Sun Mar 12 2023 09:11:08 GMT+0530 (India Standard Time)	a7aaf2da-6301-4e50-861f-e607497a0827	GET	/notes	http://localhost:3000
Sun Mar 12 2023 09:12:43 GMT+0530 (India Standard Time)	8bb9ce03-cb96-45b1-b917-289ebd529c71	GET	/notes	http://localhost:3000
Sun Mar 12 2023 09:12:48 GMT+0530 (India Standard Time)	e8e244de-1304-49cc-b8c2-a09592adad33	GET	/notes	http://localhost:3000
Sun Mar 12 2023 09:12:48 GMT+0530 (India Standard Time)	0e9c6c71-28ee-4723-82f3-68a3e7a3786d	GET	/notes	http://localhost:3000
Sun Mar 12 2023 09:12:58 GMT+0530 (India Standard Time)	0c5c7c2d-4fb2-4b56-b70c-6c650015831c	GET	/notes	http://localhost:3000
Sun Mar 12 2023 09:12:58 GMT+0530 (India Standard Time)	e67bf94e-5331-48f1-aa0c-c5b2c833028c	GET	/notes	http://localhost:3000
Sun Mar 12 2023 09:14:46 GMT+0530 (India Standard Time)	84fd8b17-8b81-4ef9-8edd-e3589970ada1	GET	/note	http://localhost:3000
Sun Mar 12 2023 09:16:52 GMT+0530 (India Standard Time)	6cb363ee-791c-4894-b985-484253d3b26d	GET	/note	http://localhost:3000
Sun Mar 12 2023 09:16:52 GMT+0530 (India Standard Time)	7db593bf-9e83-436f-9295-79c0c7b54988	GET	/note	http://localhost:3000
Sun Mar 12 2023 09:18:24 GMT+0530 (India Standard Time)	c7ce0931-e37a-46d8-919d-add0254ff9f0	GET	/note	http://localhost:3000
Sun Mar 12 2023 09:18:39 GMT+0530 (India Standard Time)	2544b257-eed0-43c5-9c6a-5412ca37f490	GET	/notes	http://localhost:3000
Sun Mar 12 2023 09:20:44 GMT+0530 (India Standard Time)	e0880273-47f2-49fb-8947-745501ccc88d	GET	/notes	http://localhost:3000
Sun Mar 12 2023 09:20:50 GMT+0530 (India Standard Time)	1bd9842c-fbeb-4652-b994-5c5d5acb9c8e	GET	/users	http://localhost:3000
Sun Mar 12 2023 09:20:56 GMT+0530 (India Standard Time)	d63e66c9-164f-4375-aaea-b9bd829873a7	GET	/users	http://localhost:3000
Sun Mar 12 2023 09:21:02 GMT+0530 (India Standard Time)	ab371f60-7317-4806-a9b8-384c977a501b	GET	/users	http://localhost:3000
Sun Mar 12 2023 09:24:04 GMT+0530 (India Standard Time)	da34f0a7-9def-4005-9407-b53a2104c83c	GET	/users	http://localhost:3000
Sun Mar 12 2023 09:24:23 GMT+0530 (India Standard Time)	1156a8ef-99b8-44ea-9a6c-8490cdad7b5d	GET	/note	http://localhost:3000
Sun Mar 12 2023 09:25:30 GMT+0530 (India Standard Time)	77194f50-a0ef-49ea-9f92-127d04054c87	GET	/note	http://localhost:3000
Sun Mar 12 2023 09:25:40 GMT+0530 (India Standard Time)	d8a7df85-c3b0-47c9-814c-01b4f5f89d6f	GET	/notes	http://localhost:3000
Sun Mar 12 2023 09:25:48 GMT+0530 (India Standard Time)	f4c4f87c-e466-4067-9c7e-8a508ececc3a	GET	/notes	http://localhost:3000
Sun Mar 12 2023 09:32:25 GMT+0530 (India Standard Time)	76e39708-0735-4928-b0b6-efc75bec6bd2	GET	/notes	http://localhost:3000
Sun Mar 12 2023 09:32:32 GMT+0530 (India Standard Time)	840a5375-8d11-4fcc-a783-2db361031654	GET	/notes	http://localhost:3000
Sun Mar 12 2023 09:32:39 GMT+0530 (India Standard Time)	73b0151f-46f5-4f9f-b9c0-21615ded078e	GET	/users	http://localhost:3000
Sun Mar 12 2023 09:33:46 GMT+0530 (India Standard Time)	8677d41c-015e-4964-adaf-f9d645549de6	GET	/notes	http://localhost:3000
Sun Mar 12 2023 09:34:21 GMT+0530 (India Standard Time)	cb363f21-8401-4623-98da-d41d0902a1c0	GET	/notes	http://localhost:3000
Sun Mar 12 2023 09:34:21 GMT+0530 (India Standard Time)	8ffd8d84-ccc1-49c8-ad2a-dae23d97c0fc	GET	/notes	http://localhost:3000
Sun Mar 12 2023 09:34:39 GMT+0530 (India Standard Time)	032e6c77-7bd3-44be-9744-b965fc412c7e	GET	/notes	http://localhost:3000
Sun Mar 12 2023 09:34:39 GMT+0530 (India Standard Time)	5f2fb9cc-2dc2-4c75-82b3-38c4281a75aa	GET	/notes	http://localhost:3000
Sun Mar 12 2023 09:35:41 GMT+0530 (India Standard Time)	fd9f5c4e-40a9-4c51-ae82-ffda47a484c0	GET	/notes	http://localhost:3000
Sun Mar 12 2023 09:35:58 GMT+0530 (India Standard Time)	675c906c-7721-46c9-b504-02cf782395f9	GET	/notes	http://localhost:3000
Sun Mar 12 2023 09:36:25 GMT+0530 (India Standard Time)	dc16ec88-a132-4396-bf0d-d041dc4449b4	GET	/users	http://localhost:3000
Sun Mar 12 2023 09:46:53 GMT+0530 (India Standard Time)	2739f648-725d-4ebc-a29a-2297a76273d6	GET	/users	http://localhost:3000
Sun Mar 12 2023 09:49:14 GMT+0530 (India Standard Time)	8890cbb2-ee1a-43a3-b0d9-6877e8f7b5fd	GET	/users	http://localhost:3000
Sun Mar 12 2023 09:49:19 GMT+0530 (India Standard Time)	80371255-3469-4754-93b8-781e222aabfb	GET	/users	http://localhost:3000
Sun Mar 12 2023 09:50:24 GMT+0530 (India Standard Time)	2128ccad-4eb0-447b-90f5-dc4cdf565db3	GET	/users	http://localhost:3000
Sun Mar 12 2023 09:51:08 GMT+0530 (India Standard Time)	894c9e0e-6375-4cc0-b48a-2cc85a7d1321	GET	/users	http://localhost:3000
Sun Mar 12 2023 09:51:25 GMT+0530 (India Standard Time)	3c45430c-28f5-4ff8-b0a0-fea7a44683d8	GET	/users	http://localhost:3000
Sun Mar 12 2023 09:51:53 GMT+0530 (India Standard Time)	8cb76351-18e8-4da2-b9ee-cde034ba94c6	GET	/users	http://localhost:3000
Sun Mar 12 2023 09:51:53 GMT+0530 (India Standard Time)	49cfa9c1-9f86-47c5-acba-d23daa03b097	GET	/users	http://localhost:3000
Sun Mar 12 2023 09:52:39 GMT+0530 (India Standard Time)	eb47ccc9-cc2f-4a8c-a488-a6902f50ced0	GET	/users	http://localhost:3000
Sun Mar 12 2023 09:53:35 GMT+0530 (India Standard Time)	4e2edde0-1fdc-4b7a-a6b2-a61a146006a6	GET	/users	http://localhost:3000
Sun Mar 12 2023 09:53:36 GMT+0530 (India Standard Time)	2078586d-54e1-4675-8b89-6a78572ac0da	GET	/users	http://localhost:3000
Sun Mar 12 2023 11:08:42 GMT+0530 (India Standard Time)	7ee916fe-a019-4156-a0e4-de0f51d0ada1	GET	/users	http://localhost:3000
Sun Mar 12 2023 11:08:42 GMT+0530 (India Standard Time)	586c7d7d-a867-449f-8344-d623b5ecb2a6	GET	/users	http://localhost:3000
Sun Mar 12 2023 11:09:28 GMT+0530 (India Standard Time)	18420ec1-43ff-499a-9a45-985a85d205ab	GET	/users	http://localhost:3000
Sun Mar 12 2023 11:15:15 GMT+0530 (India Standard Time)	fe6cb5f8-7d09-4144-83df-41c415f342e9	GET	/users	http://localhost:3000
Sun Mar 12 2023 11:15:34 GMT+0530 (India Standard Time)	1f582b23-a093-4af0-9b1a-e3a6b8384195	GET	/users	http://localhost:3000
Sun Mar 12 2023 11:15:34 GMT+0530 (India Standard Time)	f57973c6-c63f-4d69-a8d6-365d3c55385a	GET	/users	http://localhost:3000
Sun Mar 12 2023 11:21:28 GMT+0530 (India Standard Time)	2c1e779d-7ba0-4416-b113-9fa765374ee8	GET	/users	http://localhost:3000
Sun Mar 12 2023 11:27:04 GMT+0530 (India Standard Time)	690be1e3-67af-4b70-910f-3bad24743857	GET	/users	http://localhost:3000
Sun Mar 12 2023 11:28:35 GMT+0530 (India Standard Time)	1302a53a-62ef-4d79-bfc3-6540d8d2faf9	GET	/users	http://localhost:3000
Sun Mar 12 2023 11:30:26 GMT+0530 (India Standard Time)	b7e1bfa3-938b-4992-a065-73d225215889	GET	/users	http://localhost:3000
Sun Mar 12 2023 11:30:31 GMT+0530 (India Standard Time)	a1babe72-bdbf-4e26-9e47-705c1033eda1	GET	/notes	http://localhost:3000
Sun Mar 12 2023 11:30:42 GMT+0530 (India Standard Time)	3ef645fa-07e1-4f9a-bd23-8bbf158118a6	GET	/users	http://localhost:3000
Sun Mar 12 2023 11:32:41 GMT+0530 (India Standard Time)	07d87001-6485-463e-9da9-d1f267e84ec4	GET	/users	http://localhost:3000
Sun Mar 12 2023 11:33:12 GMT+0530 (India Standard Time)	789655db-8c3d-45e8-8fc0-0a9bfa44d83f	GET	/notes	http://localhost:3000
Sun Mar 12 2023 11:34:17 GMT+0530 (India Standard Time)	25fa0d8a-99aa-45cc-bc1b-331baac21a3f	GET	/notes	http://localhost:3000
Sun Mar 12 2023 11:35:26 GMT+0530 (India Standard Time)	ba02a7d6-4778-42d1-b282-c32321dadfb8	GET	/notes	http://localhost:3000
Sun Mar 12 2023 11:37:16 GMT+0530 (India Standard Time)	05541a6b-7baf-4abd-9b72-a0e22eae21d7	GET	/notes	http://localhost:3000
Sun Mar 12 2023 11:39:30 GMT+0530 (India Standard Time)	13be10e2-4dcb-4858-8dee-d1915fa6d958	GET	/notes	undefined
Sun Mar 12 2023 11:50:16 GMT+0530 (India Standard Time)	4b2ddf59-1338-43c8-8245-6a9326d5b646	GET	/notes	http://localhost:3000
Sun Mar 12 2023 11:50:26 GMT+0530 (India Standard Time)	e75fbed3-a602-4afa-b329-cec8228c3d26	GET	/notes	http://localhost:3000
Sun Mar 12 2023 11:50:26 GMT+0530 (India Standard Time)	a1504c96-ee5e-48df-96d2-48a288b6b91f	GET	/notes	http://localhost:3000
Sun Mar 12 2023 11:51:02 GMT+0530 (India Standard Time)	fc6f68ae-635a-415d-9166-ec1afe2fe895	GET	/notes	http://localhost:3000
Mon Mar 13 2023 10:25:45 GMT+0530 (India Standard Time)	f0a064b1-e148-41ea-bd08-0f4b8138b4d3	GET	/notes	http://localhost:3000
Mon Mar 13 2023 10:25:45 GMT+0530 (India Standard Time)	f0f0acd7-e848-4d3f-b64e-dbb4e91c3782	GET	/notes	http://localhost:3000
Mon Mar 13 2023 10:25:57 GMT+0530 (India Standard Time)	7153e216-a19b-4700-a741-53019016698d	GET	/notes	http://localhost:3000
Mon Mar 13 2023 10:25:57 GMT+0530 (India Standard Time)	1f44722c-1edd-420b-8672-50eeeb996f16	GET	/notes	http://localhost:3000
Mon Mar 13 2023 10:26:01 GMT+0530 (India Standard Time)	4c00e6ac-aecf-4053-9250-48e09cc84607	GET	/users	http://localhost:3000
Mon Mar 13 2023 10:26:49 GMT+0530 (India Standard Time)	ec2ab586-7ea3-4acb-9936-0937cfdfb953	GET	/notes	http://localhost:3000
Mon Mar 13 2023 10:27:25 GMT+0530 (India Standard Time)	5a581a21-4a13-4b66-873b-a048cea7874a	GET	/notes	http://localhost:3000
Mon Mar 13 2023 10:27:25 GMT+0530 (India Standard Time)	081c89c6-2870-4196-abd1-102cb8884f57	GET	/notes	http://localhost:3000
Mon Mar 13 2023 10:28:25 GMT+0530 (India Standard Time)	b276a3e5-0d8d-4e27-a58c-be36ce7ca435	GET	/notes	http://localhost:3000
Mon Mar 13 2023 10:28:33 GMT+0530 (India Standard Time)	0e89b544-ce76-4306-9c07-27ecab7ff052	GET	/notes	http://localhost:3000
Mon Mar 13 2023 10:28:33 GMT+0530 (India Standard Time)	c292f961-da5e-4e4f-acd4-6b76184747d0	GET	/notes	http://localhost:3000
Mon Mar 13 2023 10:28:40 GMT+0530 (India Standard Time)	80546fc9-78b3-4ee1-a20a-38286c5ffe03	GET	/notes	http://localhost:3000
Mon Mar 13 2023 10:28:40 GMT+0530 (India Standard Time)	2bfd6376-dc9f-40a7-b7a8-9864b0756c08	GET	/notes	http://localhost:3000
Mon Mar 13 2023 10:29:07 GMT+0530 (India Standard Time)	103f8275-ac8e-4132-8b9c-b78cecb6037e	GET	/notes	http://localhost:3000
Mon Mar 13 2023 10:29:23 GMT+0530 (India Standard Time)	c758a7b5-c560-4931-9543-6cea7017fb52	GET	/notes	http://localhost:3000
Mon Mar 13 2023 10:30:10 GMT+0530 (India Standard Time)	07873655-e473-409e-931f-8faa7afc9360	GET	/users	http://localhost:3000
Mon Mar 13 2023 10:30:14 GMT+0530 (India Standard Time)	59cbe6fb-c35e-4cf8-bc3b-71bee481bf59	GET	/users	http://localhost:3000
Mon Mar 13 2023 10:31:20 GMT+0530 (India Standard Time)	497c893d-b7e4-4b6c-a41f-2ed5393e1c61	GET	/users	http://localhost:3000
Mon Mar 13 2023 10:31:20 GMT+0530 (India Standard Time)	8afa0568-7ae9-4362-adb6-c36a74bb875c	GET	/users	http://localhost:3000
Mon Mar 13 2023 10:31:52 GMT+0530 (India Standard Time)	78723223-0e20-47c7-a939-e1f8ce1bc344	GET	/users	http://localhost:3000
Mon Mar 13 2023 10:32:02 GMT+0530 (India Standard Time)	93a332c0-7475-42bf-9545-c39f76a8b959	GET	/notes	http://localhost:3000
Mon Mar 13 2023 10:32:07 GMT+0530 (India Standard Time)	75eab065-ba6b-4da9-a983-cdeece74336f	GET	/notes	http://localhost:3000
Mon Mar 13 2023 10:32:07 GMT+0530 (India Standard Time)	b28fa475-7a17-45ca-9b81-a0ff142bb6c5	GET	/notes	http://localhost:3000
Mon Mar 13 2023 10:33:33 GMT+0530 (India Standard Time)	5c9df66a-9f8d-47d0-aeca-611f77e1ba7a	GET	/notes	http://localhost:3000
Mon Mar 13 2023 10:33:42 GMT+0530 (India Standard Time)	7ffd02c6-6932-4251-88bc-7ddbb4b586f1	GET	/notes	http://localhost:3000
Mon Mar 13 2023 10:33:48 GMT+0530 (India Standard Time)	94c3b8b9-d1f4-48b5-b030-b7ee4d656911	GET	/notes	http://localhost:3000
Mon Mar 13 2023 10:33:48 GMT+0530 (India Standard Time)	97aa8981-ec16-48ba-8296-a235fe4d94b2	GET	/notes	http://localhost:3000
Mon Mar 13 2023 10:35:12 GMT+0530 (India Standard Time)	4c4db9e1-6e40-4d7a-982a-3162b0475b9a	GET	/users	http://localhost:3000
Mon Mar 13 2023 10:35:18 GMT+0530 (India Standard Time)	8fcea37a-82e2-424c-9b80-02f7ddd3ffe0	GET	/users	http://localhost:3000
Mon Mar 13 2023 10:35:22 GMT+0530 (India Standard Time)	b9fe4005-e784-4844-8dad-ec05b1cb993b	GET	/users	http://localhost:3000
Mon Mar 13 2023 10:38:54 GMT+0530 (India Standard Time)	6d9e5760-d9fc-4449-a7be-3f11623c3fb7	GET	/users	http://localhost:3000
Mon Mar 13 2023 10:40:06 GMT+0530 (India Standard Time)	24b8ea2f-46dd-43ad-9a45-8ccb6968c8a4	GET	/notes	http://localhost:3000
Tue Mar 14 2023 09:37:52 GMT+0530 (India Standard Time)	09c2cef3-f77e-4769-904c-43d716428d1e	POST	/users	undefined
